2025-02-16 15:21:52,046 - INFO - Создан бэкап базы данных при запуске
2025-02-16 15:21:52,046 - INFO - Бот запущен и готов к работе
2025-02-16 15:24:01,793 - INFO - Создан бэкап базы данных при запуске
2025-02-16 15:24:01,793 - INFO - Бот запущен и готов к работе
2025-02-16 15:26:56,897 - INFO - Создан бэкап базы данных при запуске
2025-02-16 15:26:56,897 - INFO - Бот запущен и готов к работе
2025-02-16 15:29:58,888 - INFO - Создан бэкап базы данных при запуске
2025-02-16 15:29:58,888 - INFO - Бот запущен и готов к работе
2025-02-16 15:44:22,555 - INFO - Создан бэкап базы данных при запуске
2025-02-16 15:44:22,555 - INFO - Бот запущен и готов к работе
2025-02-16 15:44:52,625 - INFO - Создан бэкап базы данных при запуске
2025-02-16 15:44:52,625 - INFO - Бот запущен и готов к работе
2025-02-16 15:47:05,900 - INFO - РЎРѕР·РґР°РЅ Р±СЌРєР°Рї Р±Р°Р·С‹ РґР°РЅРЅС‹С… РїСЂРё Р·Р°РїСѓСЃРєРµ
2025-02-16 15:47:05,902 - INFO - Р‘РѕС‚ Р·Р°РїСѓС‰РµРЅ Рё РіРѕС‚РѕРІ Рє СЂР°Р±РѕС‚Рµ
2025-02-16 17:41:00,064 - INFO - Moderation: GIVE_MONEY | Moderator: 694099447 | Target: 671020079 | Reason: Р’С‹РґР°РЅРѕ 100 РјРѕРЅРµС‚
2025-02-16 17:41:16,648 - INFO - Moderation: GIVE_MONEY | Moderator: 694099447 | Target: 694099447 | Reason: Р’С‹РґР°РЅРѕ 10000 РјРѕРЅРµС‚
2025-02-16 20:38:48,978 - INFO - Создан бэкап базы данных при запуске
2025-02-16 20:38:48,978 - INFO - Бот запущен и готов к работе
2025-02-16 20:39:12,295 - INFO - Создан бэкап базы данных при запуске
2025-02-16 20:39:12,295 - INFO - Бот запущен и готов к работе
